*** Using Compiler 'V5.06 update 6 (build 750)', folder: 'E:\Keil_v5\ARM\ARMCC\Bin'
Build target 'Target 1'
compiling mqtt.c...
.\APP\inc\mqtt.h(20): error:  #20: identifier "u8" is undefined
  extern u8 MQTT_PublishData_Pack(char *topic ,char *message, u8 qos);
.\APP\inc\mqtt.h(20): error:  #20: identifier "u8" is undefined
  extern u8 MQTT_PublishData_Pack(char *topic ,char *message, u8 qos);
.\APP\inc\mqtt.h(22): warning:  #1-D: last line of file ends without a newline
  #endif
.\BSP\inc\timer.h(7): warning:  #1-D: last line of file ends without a newline
  #endif
.\BSP\inc\esp8266.h(41): warning:  #1-D: last line of file ends without a newline
  #endif
APP\src\mqtt.c(78): warning:  #177-D: variable "i"  was declared but never referenced
      u8 i,j;
APP\src\mqtt.c(78): warning:  #177-D: variable "j"  was declared but never referenced
      u8 i,j;
APP\src\mqtt.c(272): warning:  #1-D: last line of file ends without a newline
  }
APP\src\mqtt.c(272): warning:  #940-D: missing return statement at end of non-void function "MQTT_SubsrcibeTopic" 
  }
APP\src\mqtt.c(232): warning:  #177-D: variable "i"  was declared but never referenced
      uint8_t i,j;
APP\src\mqtt.c(232): warning:  #177-D: variable "j"  was declared but never referenced
      uint8_t i,j;
APP\src\mqtt.c: 9 warnings, 2 errors
compiling main.c...
.\BSP\inc\spi.h(10): warning:  #1-D: last line of file ends without a newline
  #endif
.\BSP\inc\lcd.h(52): warning:  #1-D: last line of file ends without a newline
  #endif
.\BSP\inc\timer.h(7): warning:  #1-D: last line of file ends without a newline
  #endif
.\BSP\inc\esp8266.h(41): warning:  #1-D: last line of file ends without a newline
  #endif
.\APP\inc\mqtt.h(22): warning:  #1-D: last line of file ends without a newline
  #endif
.\APP\inc\aht10.h(34): warning:  #1-D: last line of file ends without a newline
  #endif
User\main.c(74): warning:  #191-D: type qualifier is meaningless on cast type
  						  (const uint16_t)512,							//任务栈大小
User\main.c(99): warning:  #191-D: type qualifier is meaningless on cast type
                            (const uint16_t)512*5,
User\main.c(97): warning:  #167-D: argument of type "TaskHandle_t" is incompatible with parameter of type "TaskFunction_t"
      xReturn = xTaskCreate((TaskHandle_t )IOT_Esp8266,
User\main.c(110): warning:  #191-D: type qualifier is meaningless on cast type
                            (const uint16_t)512,
User\main.c(108): warning:  #167-D: argument of type "TaskHandle_t" is incompatible with parameter of type "TaskFunction_t"
      xReturn = xTaskCreate((TaskHandle_t )IOT_Contral,
User\main.c(228): warning:  #223-D: function "ESP8266_ConnectServer" declared implicitly
          if(ESP8266_ConnectServer("TCP",MQTT_BROKERADDRESS,1883)!=0)
User\main.c(263): warning:  #1-D: last line of file ends without a newline
  }
User\main.c: 13 warnings, 0 errors
".\Objects\IOT-HAL.axf" - 2 Error(s), 22 Warning(s).
Target not created.
Build Time Elapsed:  00:00:11
